2022-12-18 15:52:27.199  INFO 28144 --- [main] com.ctfstar.myblog.MyblogApplication     : Starting MyblogApplication using Java 1.8.0_66 on DESKTOP-QEP59P2 with PID 28144 (E:\myblog\myblogjava\myblog\target\classes started by Administrator in E:\myblog\myblogjava\myblog)
2022-12-18 15:52:27.201 DEBUG 28144 --- [main] com.ctfstar.myblog.MyblogApplication     : Running with Spring Boot v2.7.6, Spring v5.3.24
2022-12-18 15:52:27.202  INFO 28144 --- [main] com.ctfstar.myblog.MyblogApplication     : The following 1 profile is active: "dev"
2022-12-18 15:52:27.666  WARN 28144 --- [main] o.m.s.mapper.ClassPathMapperScanner      : No MyBatis mapper was found in '[com.ctfstar.myblog]' package. Please check your configuration.
2022-12-18 15:52:27.904  INFO 28144 --- [main] o.s.b.w.embedded.tomcat.TomcatWebServer  : Tomcat initialized with port(s): 8080 (http)
2022-12-18 15:52:27.910  INFO 28144 --- [main] o.apache.catalina.core.StandardService   : Starting service [Tomcat]
2022-12-18 15:52:27.910  INFO 28144 --- [main] org.apache.catalina.core.StandardEngine  : Starting Servlet engine: [Apache Tomcat/9.0.69]
2022-12-18 15:52:27.986  INFO 28144 --- [main] o.a.c.c.C.[Tomcat].[localhost].[/]       : Initializing Spring embedded WebApplicationContext
2022-12-18 15:52:27.986  INFO 28144 --- [main] w.s.c.ServletWebServerApplicationContext : Root WebApplicationContext: initialization completed in 749 ms
2022-12-18 15:52:28.167  WARN 28144 --- [main] ion$DefaultTemplateResolverConfiguration : Cannot find template location: classpath:/templates/ (please add some templates, check your Thymeleaf configuration, or set spring.thymeleaf.check-template-location=false)
2022-12-18 15:52:28.317  INFO 28144 --- [main] o.s.b.w.embedded.tomcat.TomcatWebServer  : Tomcat started on port(s): 8080 (http) with context path ''
2022-12-18 15:52:28.324  INFO 28144 --- [main] com.ctfstar.myblog.MyblogApplication     : Started MyblogApplication in 1.464 seconds (JVM running for 2.452)
2022-12-18 15:52:57.023  INFO 22912 --- [main] com.ctfstar.myblog.MyblogApplication     : Starting MyblogApplication using Java 1.8.0_66 on DESKTOP-QEP59P2 with PID 22912 (E:\myblog\myblogjava\myblog\target\classes started by Administrator in E:\myblog\myblogjava\myblog)
2022-12-18 15:52:57.025 DEBUG 22912 --- [main] com.ctfstar.myblog.MyblogApplication     : Running with Spring Boot v2.7.6, Spring v5.3.24
2022-12-18 15:52:57.026  INFO 22912 --- [main] com.ctfstar.myblog.MyblogApplication     : The following 1 profile is active: "dev"
2022-12-18 15:52:57.417  WARN 22912 --- [main] o.m.s.mapper.ClassPathMapperScanner      : No MyBatis mapper was found in '[com.ctfstar.myblog]' package. Please check your configuration.
2022-12-18 15:52:57.640  INFO 22912 --- [main] o.s.b.w.embedded.tomcat.TomcatWebServer  : Tomcat initialized with port(s): 8080 (http)
2022-12-18 15:52:57.646  INFO 22912 --- [main] o.apache.catalina.core.StandardService   : Starting service [Tomcat]
2022-12-18 15:52:57.646  INFO 22912 --- [main] org.apache.catalina.core.StandardEngine  : Starting Servlet engine: [Apache Tomcat/9.0.69]
2022-12-18 15:52:57.719  INFO 22912 --- [main] o.a.c.c.C.[Tomcat].[localhost].[/]       : Initializing Spring embedded WebApplicationContext
2022-12-18 15:52:57.720  INFO 22912 --- [main] w.s.c.ServletWebServerApplicationContext : Root WebApplicationContext: initialization completed in 669 ms
2022-12-18 15:52:57.890  WARN 22912 --- [main] ion$DefaultTemplateResolverConfiguration : Cannot find template location: classpath:/templates/ (please add some templates, check your Thymeleaf configuration, or set spring.thymeleaf.check-template-location=false)
2022-12-18 15:52:58.022  INFO 22912 --- [main] o.s.b.w.embedded.tomcat.TomcatWebServer  : Tomcat started on port(s): 8080 (http) with context path ''
2022-12-18 15:52:58.030  INFO 22912 --- [main] com.ctfstar.myblog.MyblogApplication     : Started MyblogApplication in 1.269 seconds (JVM running for 2.038)
2022-12-18 15:53:09.165  INFO 22912 --- [http-nio-8080-exec-1] o.a.c.c.C.[Tomcat].[localhost].[/]       : Initializing Spring DispatcherServlet 'dispatcherServlet'
2022-12-18 15:53:09.165  INFO 22912 --- [http-nio-8080-exec-1] o.s.web.servlet.DispatcherServlet        : Initializing Servlet 'dispatcherServlet'
2022-12-18 15:53:09.166  INFO 22912 --- [http-nio-8080-exec-1] o.s.web.servlet.DispatcherServlet        : Completed initialization in 0 ms
2022-12-18 16:04:18.751  INFO 29268 --- [main] com.ctfstar.myblog.MyblogApplication     : Starting MyblogApplication using Java 1.8.0_66 on DESKTOP-QEP59P2 with PID 29268 (E:\myblog\myblogjava\myblog\target\classes started by Administrator in E:\myblog\myblogjava\myblog)
2022-12-18 16:04:18.753 DEBUG 29268 --- [main] com.ctfstar.myblog.MyblogApplication     : Running with Spring Boot v2.7.6, Spring v5.3.24
2022-12-18 16:04:18.754  INFO 29268 --- [main] com.ctfstar.myblog.MyblogApplication     : The following 1 profile is active: "dev"
2022-12-18 16:04:19.151  WARN 29268 --- [main] o.m.s.mapper.ClassPathMapperScanner      : No MyBatis mapper was found in '[com.ctfstar.myblog]' package. Please check your configuration.
2022-12-18 16:04:19.368  INFO 29268 --- [main] o.s.b.w.embedded.tomcat.TomcatWebServer  : Tomcat initialized with port(s): 8080 (http)
2022-12-18 16:04:19.374  INFO 29268 --- [main] o.apache.catalina.core.StandardService   : Starting service [Tomcat]
2022-12-18 16:04:19.374  INFO 29268 --- [main] org.apache.catalina.core.StandardEngine  : Starting Servlet engine: [Apache Tomcat/9.0.69]
2022-12-18 16:04:19.449  INFO 29268 --- [main] o.a.c.c.C.[Tomcat].[localhost].[/]       : Initializing Spring embedded WebApplicationContext
2022-12-18 16:04:19.450  INFO 29268 --- [main] w.s.c.ServletWebServerApplicationContext : Root WebApplicationContext: initialization completed in 668 ms
2022-12-18 16:04:19.565  INFO 29268 --- [main] o.s.b.a.w.s.WelcomePageHandlerMapping    : Adding welcome page template: index
2022-12-18 16:04:19.751  INFO 29268 --- [main] o.s.b.w.embedded.tomcat.TomcatWebServer  : Tomcat started on port(s): 8080 (http) with context path ''
2022-12-18 16:04:19.758  INFO 29268 --- [main] com.ctfstar.myblog.MyblogApplication     : Started MyblogApplication in 1.279 seconds (JVM running for 2.083)
2022-12-18 16:04:26.395  INFO 29268 --- [http-nio-8080-exec-1] o.a.c.c.C.[Tomcat].[localhost].[/]       : Initializing Spring DispatcherServlet 'dispatcherServlet'
2022-12-18 16:04:26.396  INFO 29268 --- [http-nio-8080-exec-1] o.s.web.servlet.DispatcherServlet        : Initializing Servlet 'dispatcherServlet'
2022-12-18 16:04:26.396  INFO 29268 --- [http-nio-8080-exec-1] o.s.web.servlet.DispatcherServlet        : Completed initialization in 0 ms
2022-12-18 16:05:25.364  INFO 29340 --- [main] com.ctfstar.myblog.MyblogApplication     : Starting MyblogApplication using Java 1.8.0_66 on DESKTOP-QEP59P2 with PID 29340 (E:\myblog\myblogjava\myblog\target\classes started by Administrator in E:\myblog\myblogjava\myblog)
2022-12-18 16:05:25.365 DEBUG 29340 --- [main] com.ctfstar.myblog.MyblogApplication     : Running with Spring Boot v2.7.6, Spring v5.3.24
2022-12-18 16:05:25.366  INFO 29340 --- [main] com.ctfstar.myblog.MyblogApplication     : The following 1 profile is active: "dev"
2022-12-18 16:05:25.765  WARN 29340 --- [main] o.m.s.mapper.ClassPathMapperScanner      : No MyBatis mapper was found in '[com.ctfstar.myblog]' package. Please check your configuration.
2022-12-18 16:05:25.980  INFO 29340 --- [main] o.s.b.w.embedded.tomcat.TomcatWebServer  : Tomcat initialized with port(s): 8080 (http)
2022-12-18 16:05:25.985  INFO 29340 --- [main] o.apache.catalina.core.StandardService   : Starting service [Tomcat]
2022-12-18 16:05:25.985  INFO 29340 --- [main] org.apache.catalina.core.StandardEngine  : Starting Servlet engine: [Apache Tomcat/9.0.69]
2022-12-18 16:05:26.059  INFO 29340 --- [main] o.a.c.c.C.[Tomcat].[localhost].[/]       : Initializing Spring embedded WebApplicationContext
2022-12-18 16:05:26.059  INFO 29340 --- [main] w.s.c.ServletWebServerApplicationContext : Root WebApplicationContext: initialization completed in 666 ms
2022-12-18 16:05:26.174  INFO 29340 --- [main] o.s.b.a.w.s.WelcomePageHandlerMapping    : Adding welcome page template: index
2022-12-18 16:05:26.360  INFO 29340 --- [main] o.s.b.w.embedded.tomcat.TomcatWebServer  : Tomcat started on port(s): 8080 (http) with context path ''
2022-12-18 16:05:26.366  INFO 29340 --- [main] com.ctfstar.myblog.MyblogApplication     : Started MyblogApplication in 1.256 seconds (JVM running for 2.005)
2022-12-18 16:05:29.058  INFO 29340 --- [http-nio-8080-exec-2] o.a.c.c.C.[Tomcat].[localhost].[/]       : Initializing Spring DispatcherServlet 'dispatcherServlet'
2022-12-18 16:05:29.058  INFO 29340 --- [http-nio-8080-exec-2] o.s.web.servlet.DispatcherServlet        : Initializing Servlet 'dispatcherServlet'
2022-12-18 16:05:29.059  INFO 29340 --- [http-nio-8080-exec-2] o.s.web.servlet.DispatcherServlet        : Completed initialization in 1 ms
2022-12-18 16:05:29.083 ERROR 29340 --- [http-nio-8080-exec-2] o.a.c.c.C.[.[.[/].[dispatcherServlet]    : Servlet.service() for servlet [dispatcherServlet] in context with path [] threw exception [Request processing failed; nested exception is java.lang.ArithmeticException: / by zero] with root cause

java.lang.ArithmeticException: / by zero
	at com.ctfstar.myblog.web.controller.IndexController.Index(IndexController.java:13) ~[classes/:na]
	at sun.reflect.NativeMethodAccessorImpl.invoke0(Native Method) ~[na:1.8.0_66]
	at sun.reflect.NativeMethodAccessorImpl.invoke(NativeMethodAccessorImpl.java:62) ~[na:1.8.0_66]
	at sun.reflect.DelegatingMethodAccessorImpl.invoke(DelegatingMethodAccessorImpl.java:43) ~[na:1.8.0_66]
	at java.lang.reflect.Method.invoke(Method.java:497) ~[na:1.8.0_66]
	at org.springframework.web.method.support.InvocableHandlerMethod.doInvoke(InvocableHandlerMethod.java:205) ~[spring-web-5.3.24.jar:5.3.24]
	at org.springframework.web.method.support.InvocableHandlerMethod.invokeForRequest(InvocableHandlerMethod.java:150) ~[spring-web-5.3.24.jar:5.3.24]
	at org.springframework.web.servlet.mvc.method.annotation.ServletInvocableHandlerMethod.invokeAndHandle(ServletInvocableHandlerMethod.java:117) ~[spring-webmvc-5.3.24.jar:5.3.24]
	at org.springframework.web.servlet.mvc.method.annotation.RequestMappingHandlerAdapter.invokeHandlerMethod(RequestMappingHandlerAdapter.java:895) ~[spring-webmvc-5.3.24.jar:5.3.24]
	at org.springframework.web.servlet.mvc.method.annotation.RequestMappingHandlerAdapter.handleInternal(RequestMappingHandlerAdapter.java:808) ~[spring-webmvc-5.3.24.jar:5.3.24]
	at org.springframework.web.servlet.mvc.method.AbstractHandlerMethodAdapter.handle(AbstractHandlerMethodAdapter.java:87) ~[spring-webmvc-5.3.24.jar:5.3.24]
	at org.springframework.web.servlet.DispatcherServlet.doDispatch(DispatcherServlet.java:1071) ~[spring-webmvc-5.3.24.jar:5.3.24]
	at org.springframework.web.servlet.DispatcherServlet.doService(DispatcherServlet.java:964) ~[spring-webmvc-5.3.24.jar:5.3.24]
	at org.springframework.web.servlet.FrameworkServlet.processRequest(FrameworkServlet.java:1006) ~[spring-webmvc-5.3.24.jar:5.3.24]
	at org.springframework.web.servlet.FrameworkServlet.doGet(FrameworkServlet.java:898) ~[spring-webmvc-5.3.24.jar:5.3.24]
	at javax.servlet.http.HttpServlet.service(HttpServlet.java:670) ~[tomcat-embed-core-9.0.69.jar:4.0.FR]
	at org.springframework.web.servlet.FrameworkServlet.service(FrameworkServlet.java:883) ~[spring-webmvc-5.3.24.jar:5.3.24]
	at javax.servlet.http.HttpServlet.service(HttpServlet.java:779) ~[tomcat-embed-core-9.0.69.jar:4.0.FR]
	at org.apache.catalina.core.ApplicationFilterChain.internalDoFilter(ApplicationFilterChain.java:227) ~[tomcat-embed-core-9.0.69.jar:9.0.69]
	at org.apache.catalina.core.ApplicationFilterChain.doFilter(ApplicationFilterChain.java:162) ~[tomcat-embed-core-9.0.69.jar:9.0.69]
	at org.apache.tomcat.websocket.server.WsFilter.doFilter(WsFilter.java:53) ~[tomcat-embed-websocket-9.0.69.jar:9.0.69]
	at org.apache.catalina.core.ApplicationFilterChain.internalDoFilter(ApplicationFilterChain.java:189) ~[tomcat-embed-core-9.0.69.jar:9.0.69]
	at org.apache.catalina.core.ApplicationFilterChain.doFilter(ApplicationFilterChain.java:162) ~[tomcat-embed-core-9.0.69.jar:9.0.69]
	at org.springframework.web.filter.RequestContextFilter.doFilterInternal(RequestContextFilter.java:100) ~[spring-web-5.3.24.jar:5.3.24]
	at org.springframework.web.filter.OncePerRequestFilter.doFilter(OncePerRequestFilter.java:117) ~[spring-web-5.3.24.jar:5.3.24]
	at org.apache.catalina.core.ApplicationFilterChain.internalDoFilter(ApplicationFilterChain.java:189) ~[tomcat-embed-core-9.0.69.jar:9.0.69]
	at org.apache.catalina.core.ApplicationFilterChain.doFilter(ApplicationFilterChain.java:162) ~[tomcat-embed-core-9.0.69.jar:9.0.69]
	at org.springframework.web.filter.FormContentFilter.doFilterInternal(FormContentFilter.java:93) ~[spring-web-5.3.24.jar:5.3.24]
	at org.springframework.web.filter.OncePerRequestFilter.doFilter(OncePerRequestFilter.java:117) ~[spring-web-5.3.24.jar:5.3.24]
	at org.apache.catalina.core.ApplicationFilterChain.internalDoFilter(ApplicationFilterChain.java:189) ~[tomcat-embed-core-9.0.69.jar:9.0.69]
	at org.apache.catalina.core.ApplicationFilterChain.doFilter(ApplicationFilterChain.java:162) ~[tomcat-embed-core-9.0.69.jar:9.0.69]
	at org.springframework.web.filter.CharacterEncodingFilter.doFilterInternal(CharacterEncodingFilter.java:201) ~[spring-web-5.3.24.jar:5.3.24]
	at org.springframework.web.filter.OncePerRequestFilter.doFilter(OncePerRequestFilter.java:117) ~[spring-web-5.3.24.jar:5.3.24]
	at org.apache.catalina.core.ApplicationFilterChain.internalDoFilter(ApplicationFilterChain.java:189) ~[tomcat-embed-core-9.0.69.jar:9.0.69]
	at org.apache.catalina.core.ApplicationFilterChain.doFilter(ApplicationFilterChain.java:162) ~[tomcat-embed-core-9.0.69.jar:9.0.69]
	at org.apache.catalina.core.StandardWrapperValve.invoke(StandardWrapperValve.java:177) ~[tomcat-embed-core-9.0.69.jar:9.0.69]
	at org.apache.catalina.core.StandardContextValve.invoke(StandardContextValve.java:97) [tomcat-embed-core-9.0.69.jar:9.0.69]
	at org.apache.catalina.authenticator.AuthenticatorBase.invoke(AuthenticatorBase.java:541) [tomcat-embed-core-9.0.69.jar:9.0.69]
	at org.apache.catalina.core.StandardHostValve.invoke(StandardHostValve.java:135) [tomcat-embed-core-9.0.69.jar:9.0.69]
	at org.apache.catalina.valves.ErrorReportValve.invoke(ErrorReportValve.java:92) [tomcat-embed-core-9.0.69.jar:9.0.69]
	at org.apache.catalina.core.StandardEngineValve.invoke(StandardEngineValve.java:78) [tomcat-embed-core-9.0.69.jar:9.0.69]
	at org.apache.catalina.connector.CoyoteAdapter.service(CoyoteAdapter.java:360) [tomcat-embed-core-9.0.69.jar:9.0.69]
	at org.apache.coyote.http11.Http11Processor.service(Http11Processor.java:399) [tomcat-embed-core-9.0.69.jar:9.0.69]
	at org.apache.coyote.AbstractProcessorLight.process(AbstractProcessorLight.java:65) [tomcat-embed-core-9.0.69.jar:9.0.69]
	at org.apache.coyote.AbstractProtocol$ConnectionHandler.process(AbstractProtocol.java:891) [tomcat-embed-core-9.0.69.jar:9.0.69]
	at org.apache.tomcat.util.net.NioEndpoint$SocketProcessor.doRun(NioEndpoint.java:1784) [tomcat-embed-core-9.0.69.jar:9.0.69]
	at org.apache.tomcat.util.net.SocketProcessorBase.run(SocketProcessorBase.java:49) [tomcat-embed-core-9.0.69.jar:9.0.69]
	at org.apache.tomcat.util.threads.ThreadPoolExecutor.runWorker(ThreadPoolExecutor.java:1191) [tomcat-embed-core-9.0.69.jar:9.0.69]
	at org.apache.tomcat.util.threads.ThreadPoolExecutor$Worker.run(ThreadPoolExecutor.java:659) [tomcat-embed-core-9.0.69.jar:9.0.69]
	at org.apache.tomcat.util.threads.TaskThread$WrappingRunnable.run(TaskThread.java:61) [tomcat-embed-core-9.0.69.jar:9.0.69]
	at java.lang.Thread.run(Thread.java:745) [na:1.8.0_66]

2022-12-18 16:10:18.752  INFO 32772 --- [main] com.ctfstar.myblog.MyblogApplication     : Starting MyblogApplication using Java 1.8.0_66 on DESKTOP-QEP59P2 with PID 32772 (E:\myblog\myblogjava\myblog\target\classes started by Administrator in E:\myblog\myblogjava\myblog)
2022-12-18 16:10:18.754 DEBUG 32772 --- [main] com.ctfstar.myblog.MyblogApplication     : Running with Spring Boot v2.7.6, Spring v5.3.24
2022-12-18 16:10:18.754  INFO 32772 --- [main] com.ctfstar.myblog.MyblogApplication     : The following 1 profile is active: "dev"
2022-12-18 16:10:19.151  WARN 32772 --- [main] o.m.s.mapper.ClassPathMapperScanner      : No MyBatis mapper was found in '[com.ctfstar.myblog]' package. Please check your configuration.
2022-12-18 16:10:19.392  INFO 32772 --- [main] o.s.b.w.embedded.tomcat.TomcatWebServer  : Tomcat initialized with port(s): 8080 (http)
2022-12-18 16:10:19.398  INFO 32772 --- [main] o.apache.catalina.core.StandardService   : Starting service [Tomcat]
2022-12-18 16:10:19.398  INFO 32772 --- [main] org.apache.catalina.core.StandardEngine  : Starting Servlet engine: [Apache Tomcat/9.0.69]
2022-12-18 16:10:19.474  INFO 32772 --- [main] o.a.c.c.C.[Tomcat].[localhost].[/]       : Initializing Spring embedded WebApplicationContext
2022-12-18 16:10:19.474  INFO 32772 --- [main] w.s.c.ServletWebServerApplicationContext : Root WebApplicationContext: initialization completed in 692 ms
2022-12-18 16:10:19.593  INFO 32772 --- [main] o.s.b.a.w.s.WelcomePageHandlerMapping    : Adding welcome page template: index
2022-12-18 16:10:19.784  INFO 32772 --- [main] o.s.b.w.embedded.tomcat.TomcatWebServer  : Tomcat started on port(s): 8080 (http) with context path ''
2022-12-18 16:10:19.792  INFO 32772 --- [main] com.ctfstar.myblog.MyblogApplication     : Started MyblogApplication in 1.313 seconds (JVM running for 2.108)
2022-12-18 16:10:21.874  INFO 32772 --- [http-nio-8080-exec-1] o.a.c.c.C.[Tomcat].[localhost].[/]       : Initializing Spring DispatcherServlet 'dispatcherServlet'
2022-12-18 16:10:21.874  INFO 32772 --- [http-nio-8080-exec-1] o.s.web.servlet.DispatcherServlet        : Initializing Servlet 'dispatcherServlet'
2022-12-18 16:10:21.875  INFO 32772 --- [http-nio-8080-exec-1] o.s.web.servlet.DispatcherServlet        : Completed initialization in 1 ms
2022-12-18 16:11:06.453  INFO 33524 --- [main] com.ctfstar.myblog.MyblogApplication     : Starting MyblogApplication using Java 1.8.0_66 on DESKTOP-QEP59P2 with PID 33524 (E:\myblog\myblogjava\myblog\target\classes started by Administrator in E:\myblog\myblogjava\myblog)
2022-12-18 16:11:06.455 DEBUG 33524 --- [main] com.ctfstar.myblog.MyblogApplication     : Running with Spring Boot v2.7.6, Spring v5.3.24
2022-12-18 16:11:06.455  INFO 33524 --- [main] com.ctfstar.myblog.MyblogApplication     : The following 1 profile is active: "dev"
2022-12-18 16:11:06.873  WARN 33524 --- [main] o.m.s.mapper.ClassPathMapperScanner      : No MyBatis mapper was found in '[com.ctfstar.myblog]' package. Please check your configuration.
2022-12-18 16:11:07.087  INFO 33524 --- [main] o.s.b.w.embedded.tomcat.TomcatWebServer  : Tomcat initialized with port(s): 8080 (http)
2022-12-18 16:11:07.093  INFO 33524 --- [main] o.apache.catalina.core.StandardService   : Starting service [Tomcat]
2022-12-18 16:11:07.093  INFO 33524 --- [main] org.apache.catalina.core.StandardEngine  : Starting Servlet engine: [Apache Tomcat/9.0.69]
2022-12-18 16:11:07.169  INFO 33524 --- [main] o.a.c.c.C.[Tomcat].[localhost].[/]       : Initializing Spring embedded WebApplicationContext
2022-12-18 16:11:07.169  INFO 33524 --- [main] w.s.c.ServletWebServerApplicationContext : Root WebApplicationContext: initialization completed in 685 ms
2022-12-18 16:11:07.297  INFO 33524 --- [main] o.s.b.a.w.s.WelcomePageHandlerMapping    : Adding welcome page template: index
2022-12-18 16:11:07.497  INFO 33524 --- [main] o.s.b.w.embedded.tomcat.TomcatWebServer  : Tomcat started on port(s): 8080 (http) with context path ''
2022-12-18 16:11:07.505  INFO 33524 --- [main] com.ctfstar.myblog.MyblogApplication     : Started MyblogApplication in 1.341 seconds (JVM running for 2.094)
2022-12-18 16:11:09.279  INFO 33524 --- [http-nio-8080-exec-1] o.a.c.c.C.[Tomcat].[localhost].[/]       : Initializing Spring DispatcherServlet 'dispatcherServlet'
2022-12-18 16:11:09.279  INFO 33524 --- [http-nio-8080-exec-1] o.s.web.servlet.DispatcherServlet        : Initializing Servlet 'dispatcherServlet'
2022-12-18 16:11:09.280  INFO 33524 --- [http-nio-8080-exec-1] o.s.web.servlet.DispatcherServlet        : Completed initialization in 1 ms
2022-12-18 16:11:32.117  INFO 32912 --- [main] com.ctfstar.myblog.MyblogApplication     : Starting MyblogApplication using Java 1.8.0_66 on DESKTOP-QEP59P2 with PID 32912 (E:\myblog\myblogjava\myblog\target\classes started by Administrator in E:\myblog\myblogjava\myblog)
2022-12-18 16:11:32.120 DEBUG 32912 --- [main] com.ctfstar.myblog.MyblogApplication     : Running with Spring Boot v2.7.6, Spring v5.3.24
2022-12-18 16:11:32.120  INFO 32912 --- [main] com.ctfstar.myblog.MyblogApplication     : The following 1 profile is active: "dev"
2022-12-18 16:11:32.576  WARN 32912 --- [main] o.m.s.mapper.ClassPathMapperScanner      : No MyBatis mapper was found in '[com.ctfstar.myblog]' package. Please check your configuration.
2022-12-18 16:11:32.852  INFO 32912 --- [main] o.s.b.w.embedded.tomcat.TomcatWebServer  : Tomcat initialized with port(s): 8080 (http)
2022-12-18 16:11:32.858  INFO 32912 --- [main] o.apache.catalina.core.StandardService   : Starting service [Tomcat]
2022-12-18 16:11:32.860  INFO 32912 --- [main] org.apache.catalina.core.StandardEngine  : Starting Servlet engine: [Apache Tomcat/9.0.69]
2022-12-18 16:11:32.940  INFO 32912 --- [main] o.a.c.c.C.[Tomcat].[localhost].[/]       : Initializing Spring embedded WebApplicationContext
2022-12-18 16:11:32.941  INFO 32912 --- [main] w.s.c.ServletWebServerApplicationContext : Root WebApplicationContext: initialization completed in 784 ms
2022-12-18 16:11:33.081  INFO 32912 --- [main] o.s.b.a.w.s.WelcomePageHandlerMapping    : Adding welcome page template: index
2022-12-18 16:11:33.304  INFO 32912 --- [main] o.s.b.w.embedded.tomcat.TomcatWebServer  : Tomcat started on port(s): 8080 (http) with context path ''
2022-12-18 16:11:33.312  INFO 32912 --- [main] com.ctfstar.myblog.MyblogApplication     : Started MyblogApplication in 1.513 seconds (JVM running for 2.308)
2022-12-18 16:11:33.416  INFO 32912 --- [http-nio-8080-exec-1] o.a.c.c.C.[Tomcat].[localhost].[/]       : Initializing Spring DispatcherServlet 'dispatcherServlet'
2022-12-18 16:11:33.416  INFO 32912 --- [http-nio-8080-exec-1] o.s.web.servlet.DispatcherServlet        : Initializing Servlet 'dispatcherServlet'
2022-12-18 16:11:33.417  INFO 32912 --- [http-nio-8080-exec-1] o.s.web.servlet.DispatcherServlet        : Completed initialization in 1 ms
2022-12-18 16:12:00.363  INFO 33036 --- [main] com.ctfstar.myblog.MyblogApplication     : Starting MyblogApplication using Java 1.8.0_66 on DESKTOP-QEP59P2 with PID 33036 (E:\myblog\myblogjava\myblog\target\classes started by Administrator in E:\myblog\myblogjava\myblog)
2022-12-18 16:12:00.364 DEBUG 33036 --- [main] com.ctfstar.myblog.MyblogApplication     : Running with Spring Boot v2.7.6, Spring v5.3.24
2022-12-18 16:12:00.365  INFO 33036 --- [main] com.ctfstar.myblog.MyblogApplication     : The following 1 profile is active: "dev"
2022-12-18 16:12:00.795  WARN 33036 --- [main] o.m.s.mapper.ClassPathMapperScanner      : No MyBatis mapper was found in '[com.ctfstar.myblog]' package. Please check your configuration.
2022-12-18 16:12:01.017  INFO 33036 --- [main] o.s.b.w.embedded.tomcat.TomcatWebServer  : Tomcat initialized with port(s): 8080 (http)
2022-12-18 16:12:01.022  INFO 33036 --- [main] o.apache.catalina.core.StandardService   : Starting service [Tomcat]
2022-12-18 16:12:01.022  INFO 33036 --- [main] org.apache.catalina.core.StandardEngine  : Starting Servlet engine: [Apache Tomcat/9.0.69]
2022-12-18 16:12:01.098  INFO 33036 --- [main] o.a.c.c.C.[Tomcat].[localhost].[/]       : Initializing Spring embedded WebApplicationContext
2022-12-18 16:12:01.098  INFO 33036 --- [main] w.s.c.ServletWebServerApplicationContext : Root WebApplicationContext: initialization completed in 701 ms
2022-12-18 16:12:01.218  INFO 33036 --- [main] o.s.b.a.w.s.WelcomePageHandlerMapping    : Adding welcome page template: index
2022-12-18 16:12:01.411  INFO 33036 --- [main] o.s.b.w.embedded.tomcat.TomcatWebServer  : Tomcat started on port(s): 8080 (http) with context path ''
2022-12-18 16:12:01.418  INFO 33036 --- [main] com.ctfstar.myblog.MyblogApplication     : Started MyblogApplication in 1.356 seconds (JVM running for 2.198)
2022-12-18 16:12:05.544  INFO 33036 --- [http-nio-8080-exec-1] o.a.c.c.C.[Tomcat].[localhost].[/]       : Initializing Spring DispatcherServlet 'dispatcherServlet'
2022-12-18 16:12:05.544  INFO 33036 --- [http-nio-8080-exec-1] o.s.web.servlet.DispatcherServlet        : Initializing Servlet 'dispatcherServlet'
2022-12-18 16:12:05.545  INFO 33036 --- [http-nio-8080-exec-1] o.s.web.servlet.DispatcherServlet        : Completed initialization in 1 ms
2022-12-18 16:12:52.527  INFO 32468 --- [main] com.ctfstar.myblog.MyblogApplication     : Starting MyblogApplication using Java 1.8.0_66 on DESKTOP-QEP59P2 with PID 32468 (E:\myblog\myblogjava\myblog\target\classes started by Administrator in E:\myblog\myblogjava\myblog)
2022-12-18 16:12:52.529 DEBUG 32468 --- [main] com.ctfstar.myblog.MyblogApplication     : Running with Spring Boot v2.7.6, Spring v5.3.24
2022-12-18 16:12:52.529  INFO 32468 --- [main] com.ctfstar.myblog.MyblogApplication     : The following 1 profile is active: "dev"
2022-12-18 16:12:52.955  WARN 32468 --- [main] o.m.s.mapper.ClassPathMapperScanner      : No MyBatis mapper was found in '[com.ctfstar.myblog]' package. Please check your configuration.
2022-12-18 16:12:53.166  INFO 32468 --- [main] o.s.b.w.embedded.tomcat.TomcatWebServer  : Tomcat initialized with port(s): 8080 (http)
2022-12-18 16:12:53.172  INFO 32468 --- [main] o.apache.catalina.core.StandardService   : Starting service [Tomcat]
2022-12-18 16:12:53.173  INFO 32468 --- [main] org.apache.catalina.core.StandardEngine  : Starting Servlet engine: [Apache Tomcat/9.0.69]
2022-12-18 16:12:53.246  INFO 32468 --- [main] o.a.c.c.C.[Tomcat].[localhost].[/]       : Initializing Spring embedded WebApplicationContext
2022-12-18 16:12:53.246  INFO 32468 --- [main] w.s.c.ServletWebServerApplicationContext : Root WebApplicationContext: initialization completed in 684 ms
2022-12-18 16:12:53.372  INFO 32468 --- [main] o.s.b.a.w.s.WelcomePageHandlerMapping    : Adding welcome page template: index
2022-12-18 16:12:53.571  INFO 32468 --- [main] o.s.b.w.embedded.tomcat.TomcatWebServer  : Tomcat started on port(s): 8080 (http) with context path ''
2022-12-18 16:12:53.578  INFO 32468 --- [main] com.ctfstar.myblog.MyblogApplication     : Started MyblogApplication in 1.332 seconds (JVM running for 2.149)
2022-12-18 16:12:56.219  INFO 32468 --- [http-nio-8080-exec-1] o.a.c.c.C.[Tomcat].[localhost].[/]       : Initializing Spring DispatcherServlet 'dispatcherServlet'
2022-12-18 16:12:56.220  INFO 32468 --- [http-nio-8080-exec-1] o.s.web.servlet.DispatcherServlet        : Initializing Servlet 'dispatcherServlet'
2022-12-18 16:12:56.220  INFO 32468 --- [http-nio-8080-exec-1] o.s.web.servlet.DispatcherServlet        : Completed initialization in 0 ms
2022-12-18 16:13:54.532  INFO 34392 --- [main] com.ctfstar.myblog.MyblogApplication     : Starting MyblogApplication using Java 1.8.0_66 on DESKTOP-QEP59P2 with PID 34392 (E:\myblog\myblogjava\myblog\target\classes started by Administrator in E:\myblog\myblogjava\myblog)
2022-12-18 16:13:54.534 DEBUG 34392 --- [main] com.ctfstar.myblog.MyblogApplication     : Running with Spring Boot v2.7.6, Spring v5.3.24
2022-12-18 16:13:54.534  INFO 34392 --- [main] com.ctfstar.myblog.MyblogApplication     : The following 1 profile is active: "dev"
2022-12-18 16:13:54.940  WARN 34392 --- [main] o.m.s.mapper.ClassPathMapperScanner      : No MyBatis mapper was found in '[com.ctfstar.myblog]' package. Please check your configuration.
2022-12-18 16:13:55.165  INFO 34392 --- [main] o.s.b.w.embedded.tomcat.TomcatWebServer  : Tomcat initialized with port(s): 8080 (http)
2022-12-18 16:13:55.172  INFO 34392 --- [main] o.apache.catalina.core.StandardService   : Starting service [Tomcat]
2022-12-18 16:13:55.172  INFO 34392 --- [main] org.apache.catalina.core.StandardEngine  : Starting Servlet engine: [Apache Tomcat/9.0.69]
2022-12-18 16:13:55.251  INFO 34392 --- [main] o.a.c.c.C.[Tomcat].[localhost].[/]       : Initializing Spring embedded WebApplicationContext
2022-12-18 16:13:55.251  INFO 34392 --- [main] w.s.c.ServletWebServerApplicationContext : Root WebApplicationContext: initialization completed in 687 ms
2022-12-18 16:13:55.380  INFO 34392 --- [main] o.s.b.a.w.s.WelcomePageHandlerMapping    : Adding welcome page template: index
2022-12-18 16:13:55.581  INFO 34392 --- [main] o.s.b.w.embedded.tomcat.TomcatWebServer  : Tomcat started on port(s): 8080 (http) with context path ''
2022-12-18 16:13:55.588  INFO 34392 --- [main] com.ctfstar.myblog.MyblogApplication     : Started MyblogApplication in 1.338 seconds (JVM running for 2.122)
2022-12-18 16:13:58.177  INFO 34392 --- [http-nio-8080-exec-1] o.a.c.c.C.[Tomcat].[localhost].[/]       : Initializing Spring DispatcherServlet 'dispatcherServlet'
2022-12-18 16:13:58.177  INFO 34392 --- [http-nio-8080-exec-1] o.s.web.servlet.DispatcherServlet        : Initializing Servlet 'dispatcherServlet'
2022-12-18 16:13:58.178  INFO 34392 --- [http-nio-8080-exec-1] o.s.web.servlet.DispatcherServlet        : Completed initialization in 1 ms
2022-12-18 16:14:30.281  INFO 29640 --- [main] com.ctfstar.myblog.MyblogApplication     : Starting MyblogApplication using Java 1.8.0_66 on DESKTOP-QEP59P2 with PID 29640 (E:\myblog\myblogjava\myblog\target\classes started by Administrator in E:\myblog\myblogjava\myblog)
2022-12-18 16:14:30.282 DEBUG 29640 --- [main] com.ctfstar.myblog.MyblogApplication     : Running with Spring Boot v2.7.6, Spring v5.3.24
2022-12-18 16:14:30.284  INFO 29640 --- [main] com.ctfstar.myblog.MyblogApplication     : The following 1 profile is active: "dev"
2022-12-18 16:14:30.688  WARN 29640 --- [main] o.m.s.mapper.ClassPathMapperScanner      : No MyBatis mapper was found in '[com.ctfstar.myblog]' package. Please check your configuration.
2022-12-18 16:14:30.914  INFO 29640 --- [main] o.s.b.w.embedded.tomcat.TomcatWebServer  : Tomcat initialized with port(s): 8080 (http)
2022-12-18 16:14:30.921  INFO 29640 --- [main] o.apache.catalina.core.StandardService   : Starting service [Tomcat]
2022-12-18 16:14:30.921  INFO 29640 --- [main] org.apache.catalina.core.StandardEngine  : Starting Servlet engine: [Apache Tomcat/9.0.69]
2022-12-18 16:14:30.997  INFO 29640 --- [main] o.a.c.c.C.[Tomcat].[localhost].[/]       : Initializing Spring embedded WebApplicationContext
2022-12-18 16:14:30.997  INFO 29640 --- [main] w.s.c.ServletWebServerApplicationContext : Root WebApplicationContext: initialization completed in 687 ms
2022-12-18 16:14:31.113  INFO 29640 --- [main] o.s.b.a.w.s.WelcomePageHandlerMapping    : Adding welcome page template: index
2022-12-18 16:14:31.301  INFO 29640 --- [main] o.s.b.w.embedded.tomcat.TomcatWebServer  : Tomcat started on port(s): 8080 (http) with context path ''
2022-12-18 16:14:31.309  INFO 29640 --- [main] com.ctfstar.myblog.MyblogApplication     : Started MyblogApplication in 1.317 seconds (JVM running for 2.092)
2022-12-18 16:14:33.581  INFO 29640 --- [http-nio-8080-exec-1] o.a.c.c.C.[Tomcat].[localhost].[/]       : Initializing Spring DispatcherServlet 'dispatcherServlet'
2022-12-18 16:14:33.581  INFO 29640 --- [http-nio-8080-exec-1] o.s.web.servlet.DispatcherServlet        : Initializing Servlet 'dispatcherServlet'
2022-12-18 16:14:33.582  INFO 29640 --- [http-nio-8080-exec-1] o.s.web.servlet.DispatcherServlet        : Completed initialization in 0 ms
2022-12-18 16:39:51.863  INFO 34344 --- [main] com.ctfstar.myblog.MyblogApplication     : Starting MyblogApplication using Java 1.8.0_66 on DESKTOP-QEP59P2 with PID 34344 (E:\myblog\myblogjava\myblog\target\classes started by Administrator in E:\myblog\myblogjava\myblog)
2022-12-18 16:39:51.864 DEBUG 34344 --- [main] com.ctfstar.myblog.MyblogApplication     : Running with Spring Boot v2.7.6, Spring v5.3.24
2022-12-18 16:39:51.865  INFO 34344 --- [main] com.ctfstar.myblog.MyblogApplication     : The following 1 profile is active: "dev"
2022-12-18 16:39:52.283  WARN 34344 --- [main] o.m.s.mapper.ClassPathMapperScanner      : No MyBatis mapper was found in '[com.ctfstar.myblog]' package. Please check your configuration.
2022-12-18 16:39:52.494  INFO 34344 --- [main] o.s.b.w.embedded.tomcat.TomcatWebServer  : Tomcat initialized with port(s): 8080 (http)
2022-12-18 16:39:52.499  INFO 34344 --- [main] o.apache.catalina.core.StandardService   : Starting service [Tomcat]
2022-12-18 16:39:52.500  INFO 34344 --- [main] org.apache.catalina.core.StandardEngine  : Starting Servlet engine: [Apache Tomcat/9.0.69]
2022-12-18 16:39:52.573  INFO 34344 --- [main] o.a.c.c.C.[Tomcat].[localhost].[/]       : Initializing Spring embedded WebApplicationContext
2022-12-18 16:39:52.573  INFO 34344 --- [main] w.s.c.ServletWebServerApplicationContext : Root WebApplicationContext: initialization completed in 680 ms
2022-12-18 16:39:52.693  INFO 34344 --- [main] o.s.b.a.w.s.WelcomePageHandlerMapping    : Adding welcome page template: index
2022-12-18 16:39:52.894  INFO 34344 --- [main] o.s.b.w.embedded.tomcat.TomcatWebServer  : Tomcat started on port(s): 8080 (http) with context path ''
2022-12-18 16:39:52.901  INFO 34344 --- [main] com.ctfstar.myblog.MyblogApplication     : Started MyblogApplication in 1.308 seconds (JVM running for 2.041)
2022-12-18 16:40:01.485  INFO 34344 --- [http-nio-8080-exec-1] o.a.c.c.C.[Tomcat].[localhost].[/]       : Initializing Spring DispatcherServlet 'dispatcherServlet'
2022-12-18 16:40:01.485  INFO 34344 --- [http-nio-8080-exec-1] o.s.web.servlet.DispatcherServlet        : Initializing Servlet 'dispatcherServlet'
2022-12-18 16:40:01.486  INFO 34344 --- [http-nio-8080-exec-1] o.s.web.servlet.DispatcherServlet        : Completed initialization in 1 ms
2022-12-18 16:41:29.831  INFO 13528 --- [main] com.ctfstar.myblog.MyblogApplication     : Starting MyblogApplication using Java 1.8.0_66 on DESKTOP-QEP59P2 with PID 13528 (E:\myblog\myblogjava\myblog\target\classes started by Administrator in E:\myblog\myblogjava\myblog)
2022-12-18 16:41:29.833 DEBUG 13528 --- [main] com.ctfstar.myblog.MyblogApplication     : Running with Spring Boot v2.7.6, Spring v5.3.24
2022-12-18 16:41:29.833  INFO 13528 --- [main] com.ctfstar.myblog.MyblogApplication     : The following 1 profile is active: "dev"
2022-12-18 16:41:30.320  WARN 13528 --- [main] o.m.s.mapper.ClassPathMapperScanner      : No MyBatis mapper was found in '[com.ctfstar.myblog]' package. Please check your configuration.
2022-12-18 16:41:30.558  INFO 13528 --- [main] o.s.b.w.embedded.tomcat.TomcatWebServer  : Tomcat initialized with port(s): 8080 (http)
2022-12-18 16:41:30.563  INFO 13528 --- [main] o.apache.catalina.core.StandardService   : Starting service [Tomcat]
2022-12-18 16:41:30.564  INFO 13528 --- [main] org.apache.catalina.core.StandardEngine  : Starting Servlet engine: [Apache Tomcat/9.0.69]
2022-12-18 16:41:30.639  INFO 13528 --- [main] o.a.c.c.C.[Tomcat].[localhost].[/]       : Initializing Spring embedded WebApplicationContext
2022-12-18 16:41:30.639  INFO 13528 --- [main] w.s.c.ServletWebServerApplicationContext : Root WebApplicationContext: initialization completed in 768 ms
2022-12-18 16:41:30.762  INFO 13528 --- [main] o.s.b.a.w.s.WelcomePageHandlerMapping    : Adding welcome page template: index
2022-12-18 16:41:30.951  INFO 13528 --- [main] o.s.b.w.embedded.tomcat.TomcatWebServer  : Tomcat started on port(s): 8080 (http) with context path ''
2022-12-18 16:41:30.959  INFO 13528 --- [main] com.ctfstar.myblog.MyblogApplication     : Started MyblogApplication in 1.409 seconds (JVM running for 2.209)
2022-12-18 16:41:31.727  INFO 13528 --- [http-nio-8080-exec-1] o.a.c.c.C.[Tomcat].[localhost].[/]       : Initializing Spring DispatcherServlet 'dispatcherServlet'
2022-12-18 16:41:31.727  INFO 13528 --- [http-nio-8080-exec-1] o.s.web.servlet.DispatcherServlet        : Initializing Servlet 'dispatcherServlet'
2022-12-18 16:41:31.728  INFO 13528 --- [http-nio-8080-exec-1] o.s.web.servlet.DispatcherServlet        : Completed initialization in 1 ms
2022-12-18 16:41:51.065  INFO 25536 --- [main] com.ctfstar.myblog.MyblogApplication     : Starting MyblogApplication using Java 1.8.0_66 on DESKTOP-QEP59P2 with PID 25536 (E:\myblog\myblogjava\myblog\target\classes started by Administrator in E:\myblog\myblogjava\myblog)
2022-12-18 16:41:51.068 DEBUG 25536 --- [main] com.ctfstar.myblog.MyblogApplication     : Running with Spring Boot v2.7.6, Spring v5.3.24
2022-12-18 16:41:51.069  INFO 25536 --- [main] com.ctfstar.myblog.MyblogApplication     : The following 1 profile is active: "dev"
2022-12-18 16:41:51.486  WARN 25536 --- [main] o.m.s.mapper.ClassPathMapperScanner      : No MyBatis mapper was found in '[com.ctfstar.myblog]' package. Please check your configuration.
2022-12-18 16:41:51.733  INFO 25536 --- [main] o.s.b.w.embedded.tomcat.TomcatWebServer  : Tomcat initialized with port(s): 8080 (http)
2022-12-18 16:41:51.741  INFO 25536 --- [main] o.apache.catalina.core.StandardService   : Starting service [Tomcat]
2022-12-18 16:41:51.741  INFO 25536 --- [main] org.apache.catalina.core.StandardEngine  : Starting Servlet engine: [Apache Tomcat/9.0.69]
2022-12-18 16:41:51.818  INFO 25536 --- [main] o.a.c.c.C.[Tomcat].[localhost].[/]       : Initializing Spring embedded WebApplicationContext
2022-12-18 16:41:51.818  INFO 25536 --- [main] w.s.c.ServletWebServerApplicationContext : Root WebApplicationContext: initialization completed in 721 ms
2022-12-18 16:41:51.938  INFO 25536 --- [main] o.s.b.a.w.s.WelcomePageHandlerMapping    : Adding welcome page template: index
2022-12-18 16:41:52.184  INFO 25536 --- [main] o.s.b.w.embedded.tomcat.TomcatWebServer  : Tomcat started on port(s): 8080 (http) with context path ''
2022-12-18 16:41:52.192  INFO 25536 --- [main] com.ctfstar.myblog.MyblogApplication     : Started MyblogApplication in 1.39 seconds (JVM running for 2.136)
2022-12-18 16:41:54.011  INFO 25536 --- [http-nio-8080-exec-1] o.a.c.c.C.[Tomcat].[localhost].[/]       : Initializing Spring DispatcherServlet 'dispatcherServlet'
2022-12-18 16:41:54.011  INFO 25536 --- [http-nio-8080-exec-1] o.s.web.servlet.DispatcherServlet        : Initializing Servlet 'dispatcherServlet'
2022-12-18 16:41:54.011  INFO 25536 --- [http-nio-8080-exec-1] o.s.web.servlet.DispatcherServlet        : Completed initialization in 0 ms
2022-12-18 16:54:52.379  INFO 33568 --- [main] com.ctfstar.myblog.MyblogApplication     : Starting MyblogApplication using Java 1.8.0_66 on DESKTOP-QEP59P2 with PID 33568 (E:\myblog\myblogjava\myblog\target\classes started by Administrator in E:\myblog\myblogjava\myblog)
2022-12-18 16:54:52.381 DEBUG 33568 --- [main] com.ctfstar.myblog.MyblogApplication     : Running with Spring Boot v2.7.6, Spring v5.3.24
2022-12-18 16:54:52.381  INFO 33568 --- [main] com.ctfstar.myblog.MyblogApplication     : The following 1 profile is active: "dev"
2022-12-18 16:54:52.816  WARN 33568 --- [main] o.m.s.mapper.ClassPathMapperScanner      : No MyBatis mapper was found in '[com.ctfstar.myblog]' package. Please check your configuration.
2022-12-18 16:54:53.057  INFO 33568 --- [main] o.s.b.w.embedded.tomcat.TomcatWebServer  : Tomcat initialized with port(s): 8080 (http)
2022-12-18 16:54:53.062  INFO 33568 --- [main] o.apache.catalina.core.StandardService   : Starting service [Tomcat]
2022-12-18 16:54:53.062  INFO 33568 --- [main] org.apache.catalina.core.StandardEngine  : Starting Servlet engine: [Apache Tomcat/9.0.69]
2022-12-18 16:54:53.148  INFO 33568 --- [main] o.a.c.c.C.[Tomcat].[localhost].[/]       : Initializing Spring embedded WebApplicationContext
2022-12-18 16:54:53.148  INFO 33568 --- [main] w.s.c.ServletWebServerApplicationContext : Root WebApplicationContext: initialization completed in 739 ms
2022-12-18 16:54:53.287  INFO 33568 --- [main] o.s.b.a.w.s.WelcomePageHandlerMapping    : Adding welcome page template: index
2022-12-18 16:54:53.475  INFO 33568 --- [main] o.s.b.w.embedded.tomcat.TomcatWebServer  : Tomcat started on port(s): 8080 (http) with context path ''
2022-12-18 16:54:53.482  INFO 33568 --- [main] com.ctfstar.myblog.MyblogApplication     : Started MyblogApplication in 1.384 seconds (JVM running for 2.194)
2022-12-18 16:54:59.181  INFO 33568 --- [http-nio-8080-exec-1] o.a.c.c.C.[Tomcat].[localhost].[/]       : Initializing Spring DispatcherServlet 'dispatcherServlet'
2022-12-18 16:54:59.181  INFO 33568 --- [http-nio-8080-exec-1] o.s.web.servlet.DispatcherServlet        : Initializing Servlet 'dispatcherServlet'
2022-12-18 16:54:59.182  INFO 33568 --- [http-nio-8080-exec-1] o.s.web.servlet.DispatcherServlet        : Completed initialization in 0 ms
2022-12-18 18:51:25.522  INFO 32572 --- [main] com.ctfstar.myblog.MyblogApplication     : Starting MyblogApplication using Java 1.8.0_66 on DESKTOP-QEP59P2 with PID 32572 (E:\myblog\myblogjava\myblog\target\classes started by Administrator in E:\myblog\myblogjava\myblog)
2022-12-18 18:51:25.523 DEBUG 32572 --- [main] com.ctfstar.myblog.MyblogApplication     : Running with Spring Boot v2.7.6, Spring v5.3.24
2022-12-18 18:51:25.524  INFO 32572 --- [main] com.ctfstar.myblog.MyblogApplication     : The following 1 profile is active: "dev"
2022-12-18 18:51:25.934  WARN 32572 --- [main] o.m.s.mapper.ClassPathMapperScanner      : No MyBatis mapper was found in '[com.ctfstar.myblog]' package. Please check your configuration.
2022-12-18 18:51:26.288  INFO 32572 --- [main] o.s.b.w.embedded.tomcat.TomcatWebServer  : Tomcat initialized with port(s): 8080 (http)
2022-12-18 18:51:26.294  INFO 32572 --- [main] o.apache.catalina.core.StandardService   : Starting service [Tomcat]
2022-12-18 18:51:26.295  INFO 32572 --- [main] org.apache.catalina.core.StandardEngine  : Starting Servlet engine: [Apache Tomcat/9.0.69]
2022-12-18 18:51:26.370  INFO 32572 --- [main] o.a.c.c.C.[Tomcat].[localhost].[/]       : Initializing Spring embedded WebApplicationContext
2022-12-18 18:51:26.370  INFO 32572 --- [main] w.s.c.ServletWebServerApplicationContext : Root WebApplicationContext: initialization completed in 816 ms
2022-12-18 18:51:26.608  INFO 32572 --- [main] o.s.b.a.w.s.WelcomePageHandlerMapping    : Adding welcome page template: index
2022-12-18 18:51:26.924  INFO 32572 --- [main] o.s.b.w.embedded.tomcat.TomcatWebServer  : Tomcat started on port(s): 8080 (http) with context path ''
2022-12-18 18:51:26.932  INFO 32572 --- [main] com.ctfstar.myblog.MyblogApplication     : Started MyblogApplication in 1.717 seconds (JVM running for 2.484)
2022-12-18 18:51:30.458  INFO 32572 --- [http-nio-8080-exec-1] o.a.c.c.C.[Tomcat].[localhost].[/]       : Initializing Spring DispatcherServlet 'dispatcherServlet'
2022-12-18 18:51:30.458  INFO 32572 --- [http-nio-8080-exec-1] o.s.web.servlet.DispatcherServlet        : Initializing Servlet 'dispatcherServlet'
2022-12-18 18:51:30.460  INFO 32572 --- [http-nio-8080-exec-1] o.s.web.servlet.DispatcherServlet        : Completed initialization in 2 ms
2022-12-18 18:51:30.475  INFO 32572 --- [http-nio-8080-exec-1] com.ctfstar.myblog.web.aspect.LogAspect  : getRequestboyandgirl,Requestboyandgirl{url='http://127.0.0.1:8080/', ip='127.0.0.1'}
2022-12-18 19:01:47.438  INFO 34308 --- [main] com.ctfstar.myblog.MyblogApplication     : Starting MyblogApplication using Java 1.8.0_66 on DESKTOP-QEP59P2 with PID 34308 (E:\myblog\myblogjava\myblog\target\classes started by Administrator in E:\myblog\myblogjava\myblog)
2022-12-18 19:01:47.439 DEBUG 34308 --- [main] com.ctfstar.myblog.MyblogApplication     : Running with Spring Boot v2.7.6, Spring v5.3.24
2022-12-18 19:01:47.440  INFO 34308 --- [main] com.ctfstar.myblog.MyblogApplication     : The following 1 profile is active: "dev"
2022-12-18 19:01:47.843  WARN 34308 --- [main] o.m.s.mapper.ClassPathMapperScanner      : No MyBatis mapper was found in '[com.ctfstar.myblog]' package. Please check your configuration.
2022-12-18 19:01:48.173  INFO 34308 --- [main] o.s.b.w.embedded.tomcat.TomcatWebServer  : Tomcat initialized with port(s): 8080 (http)
2022-12-18 19:01:48.178  INFO 34308 --- [main] o.apache.catalina.core.StandardService   : Starting service [Tomcat]
2022-12-18 19:01:48.178  INFO 34308 --- [main] org.apache.catalina.core.StandardEngine  : Starting Servlet engine: [Apache Tomcat/9.0.69]
2022-12-18 19:01:48.257  INFO 34308 --- [main] o.a.c.c.C.[Tomcat].[localhost].[/]       : Initializing Spring embedded WebApplicationContext
2022-12-18 19:01:48.257  INFO 34308 --- [main] w.s.c.ServletWebServerApplicationContext : Root WebApplicationContext: initialization completed in 790 ms
2022-12-18 19:01:48.478  INFO 34308 --- [main] o.s.b.a.w.s.WelcomePageHandlerMapping    : Adding welcome page template: index
2022-12-18 19:01:48.791  INFO 34308 --- [main] o.s.b.w.embedded.tomcat.TomcatWebServer  : Tomcat started on port(s): 8080 (http) with context path ''
2022-12-18 19:01:48.798  INFO 34308 --- [main] com.ctfstar.myblog.MyblogApplication     : Started MyblogApplication in 1.634 seconds (JVM running for 2.398)
2022-12-18 19:01:53.508  INFO 34308 --- [http-nio-8080-exec-1] o.a.c.c.C.[Tomcat].[localhost].[/]       : Initializing Spring DispatcherServlet 'dispatcherServlet'
2022-12-18 19:01:53.508  INFO 34308 --- [http-nio-8080-exec-1] o.s.web.servlet.DispatcherServlet        : Initializing Servlet 'dispatcherServlet'
2022-12-18 19:01:53.509  INFO 34308 --- [http-nio-8080-exec-1] o.s.web.servlet.DispatcherServlet        : Completed initialization in 0 ms
2022-12-18 19:01:53.527  INFO 34308 --- [http-nio-8080-exec-1] com.ctfstar.myblog.web.aspect.LogAspect  : getRequestboyandgirl,Requestboyandgirl{url='http://127.0.0.1:8080/', ip='127.0.0.1'}
2022-12-18 19:07:53.020  INFO 34144 --- [main] com.ctfstar.myblog.MyblogApplication     : Starting MyblogApplication using Java 1.8.0_66 on DESKTOP-QEP59P2 with PID 34144 (E:\myblog\myblogjava\myblog\target\classes started by Administrator in E:\myblog\myblogjava\myblog)
2022-12-18 19:07:53.022 DEBUG 34144 --- [main] com.ctfstar.myblog.MyblogApplication     : Running with Spring Boot v2.7.6, Spring v5.3.24
2022-12-18 19:07:53.022  INFO 34144 --- [main] com.ctfstar.myblog.MyblogApplication     : The following 1 profile is active: "dev"
2022-12-18 19:07:53.431  WARN 34144 --- [main] o.m.s.mapper.ClassPathMapperScanner      : No MyBatis mapper was found in '[com.ctfstar.myblog]' package. Please check your configuration.
2022-12-18 19:07:53.790  INFO 34144 --- [main] o.s.b.w.embedded.tomcat.TomcatWebServer  : Tomcat initialized with port(s): 8080 (http)
2022-12-18 19:07:53.797  INFO 34144 --- [main] o.apache.catalina.core.StandardService   : Starting service [Tomcat]
2022-12-18 19:07:53.797  INFO 34144 --- [main] org.apache.catalina.core.StandardEngine  : Starting Servlet engine: [Apache Tomcat/9.0.69]
2022-12-18 19:07:53.875  INFO 34144 --- [main] o.a.c.c.C.[Tomcat].[localhost].[/]       : Initializing Spring embedded WebApplicationContext
2022-12-18 19:07:53.875  INFO 34144 --- [main] w.s.c.ServletWebServerApplicationContext : Root WebApplicationContext: initialization completed in 825 ms
2022-12-18 19:07:54.110  INFO 34144 --- [main] o.s.b.a.w.s.WelcomePageHandlerMapping    : Adding welcome page template: index
2022-12-18 19:07:54.436  INFO 34144 --- [main] o.s.b.w.embedded.tomcat.TomcatWebServer  : Tomcat started on port(s): 8080 (http) with context path ''
2022-12-18 19:07:54.443  INFO 34144 --- [main] com.ctfstar.myblog.MyblogApplication     : Started MyblogApplication in 1.727 seconds (JVM running for 2.551)
2022-12-18 19:07:58.238  INFO 34144 --- [http-nio-8080-exec-1] o.a.c.c.C.[Tomcat].[localhost].[/]       : Initializing Spring DispatcherServlet 'dispatcherServlet'
2022-12-18 19:07:58.238  INFO 34144 --- [http-nio-8080-exec-1] o.s.web.servlet.DispatcherServlet        : Initializing Servlet 'dispatcherServlet'
2022-12-18 19:07:58.239  INFO 34144 --- [http-nio-8080-exec-1] o.s.web.servlet.DispatcherServlet        : Completed initialization in 0 ms
2022-12-18 19:07:58.253  INFO 34144 --- [http-nio-8080-exec-1] com.ctfstar.myblog.web.aspect.LogAspect  : getRequestboyandgirl,Requestboyandgirl{url='http://127.0.0.1:8080/', ip='127.0.0.1'}
2022-12-18 19:13:36.999  INFO 11368 --- [main] com.ctfstar.myblog.MyblogApplication     : Starting MyblogApplication using Java 1.8.0_66 on DESKTOP-QEP59P2 with PID 11368 (E:\myblog\myblogjava\myblog\target\classes started by Administrator in E:\myblog\myblogjava\myblog)
2022-12-18 19:13:37.001 DEBUG 11368 --- [main] com.ctfstar.myblog.MyblogApplication     : Running with Spring Boot v2.7.6, Spring v5.3.24
2022-12-18 19:13:37.001  INFO 11368 --- [main] com.ctfstar.myblog.MyblogApplication     : The following 1 profile is active: "dev"
2022-12-18 19:13:37.401  WARN 11368 --- [main] o.m.s.mapper.ClassPathMapperScanner      : No MyBatis mapper was found in '[com.ctfstar.myblog]' package. Please check your configuration.
2022-12-18 19:13:37.718  INFO 11368 --- [main] o.s.b.w.embedded.tomcat.TomcatWebServer  : Tomcat initialized with port(s): 8080 (http)
2022-12-18 19:13:37.723  INFO 11368 --- [main] o.apache.catalina.core.StandardService   : Starting service [Tomcat]
2022-12-18 19:13:37.724  INFO 11368 --- [main] org.apache.catalina.core.StandardEngine  : Starting Servlet engine: [Apache Tomcat/9.0.69]
2022-12-18 19:13:37.800  INFO 11368 --- [main] o.a.c.c.C.[Tomcat].[localhost].[/]       : Initializing Spring embedded WebApplicationContext
2022-12-18 19:13:37.800  INFO 11368 --- [main] w.s.c.ServletWebServerApplicationContext : Root WebApplicationContext: initialization completed in 770 ms
2022-12-18 19:13:38.016  INFO 11368 --- [main] o.s.b.a.w.s.WelcomePageHandlerMapping    : Adding welcome page template: index
2022-12-18 19:13:38.325  INFO 11368 --- [main] o.s.b.w.embedded.tomcat.TomcatWebServer  : Tomcat started on port(s): 8080 (http) with context path ''
2022-12-18 19:13:38.332  INFO 11368 --- [main] com.ctfstar.myblog.MyblogApplication     : Started MyblogApplication in 1.604 seconds (JVM running for 2.365)
2022-12-18 19:13:42.217  INFO 11368 --- [http-nio-8080-exec-1] o.a.c.c.C.[Tomcat].[localhost].[/]       : Initializing Spring DispatcherServlet 'dispatcherServlet'
2022-12-18 19:13:42.217  INFO 11368 --- [http-nio-8080-exec-1] o.s.web.servlet.DispatcherServlet        : Initializing Servlet 'dispatcherServlet'
2022-12-18 19:13:42.218  INFO 11368 --- [http-nio-8080-exec-1] o.s.web.servlet.DispatcherServlet        : Completed initialization in 1 ms
2022-12-18 19:13:42.234  INFO 11368 --- [http-nio-8080-exec-1] com.ctfstar.myblog.web.aspect.LogAspect  : getRequestboyandgirl,Requestboyandgirl{url='http://127.0.0.1:8080/', ip='127.0.0.1'}
2022-12-18 19:39:23.147  INFO 34612 --- [main] com.ctfstar.myblog.MyblogApplication     : Starting MyblogApplication using Java 1.8.0_66 on DESKTOP-QEP59P2 with PID 34612 (E:\myblog\myblogjava\myblog\target\classes started by Administrator in E:\myblog\myblogjava\myblog)
2022-12-18 19:39:23.148 DEBUG 34612 --- [main] com.ctfstar.myblog.MyblogApplication     : Running with Spring Boot v2.7.6, Spring v5.3.24
2022-12-18 19:39:23.149  INFO 34612 --- [main] com.ctfstar.myblog.MyblogApplication     : The following 1 profile is active: "dev"
2022-12-18 19:39:23.550  WARN 34612 --- [main] o.m.s.mapper.ClassPathMapperScanner      : No MyBatis mapper was found in '[com.ctfstar.myblog]' package. Please check your configuration.
2022-12-18 19:39:23.872  INFO 34612 --- [main] o.s.b.w.embedded.tomcat.TomcatWebServer  : Tomcat initialized with port(s): 8080 (http)
2022-12-18 19:39:23.876  INFO 34612 --- [main] o.apache.catalina.core.StandardService   : Starting service [Tomcat]
2022-12-18 19:39:23.877  INFO 34612 --- [main] org.apache.catalina.core.StandardEngine  : Starting Servlet engine: [Apache Tomcat/9.0.69]
2022-12-18 19:39:23.951  INFO 34612 --- [main] o.a.c.c.C.[Tomcat].[localhost].[/]       : Initializing Spring embedded WebApplicationContext
2022-12-18 19:39:23.951  INFO 34612 --- [main] w.s.c.ServletWebServerApplicationContext : Root WebApplicationContext: initialization completed in 775 ms
2022-12-18 19:39:24.164  INFO 34612 --- [main] o.s.b.a.w.s.WelcomePageHandlerMapping    : Adding welcome page template: index
2022-12-18 19:39:24.476  INFO 34612 --- [main] o.s.b.w.embedded.tomcat.TomcatWebServer  : Tomcat started on port(s): 8080 (http) with context path ''
2022-12-18 19:39:24.484  INFO 34612 --- [main] com.ctfstar.myblog.MyblogApplication     : Started MyblogApplication in 1.596 seconds (JVM running for 2.467)
2022-12-18 19:39:27.244  INFO 34612 --- [http-nio-8080-exec-1] o.a.c.c.C.[Tomcat].[localhost].[/]       : Initializing Spring DispatcherServlet 'dispatcherServlet'
2022-12-18 19:39:27.244  INFO 34612 --- [http-nio-8080-exec-1] o.s.web.servlet.DispatcherServlet        : Initializing Servlet 'dispatcherServlet'
2022-12-18 19:39:27.245  INFO 34612 --- [http-nio-8080-exec-1] o.s.web.servlet.DispatcherServlet        : Completed initialization in 0 ms
2022-12-18 19:39:27.261  INFO 34612 --- [http-nio-8080-exec-1] com.ctfstar.myblog.web.aspect.LogAspect  : getRequestboyandgirl,Requestboyandgirl{url='http://127.0.0.1:8080/', ip='127.0.0.1'}
2022-12-18 19:40:21.420  INFO 33124 --- [main] com.ctfstar.myblog.MyblogApplication     : Starting MyblogApplication using Java 1.8.0_66 on DESKTOP-QEP59P2 with PID 33124 (E:\myblog\myblogjava\myblog\target\classes started by Administrator in E:\myblog\myblogjava\myblog)
2022-12-18 19:40:21.422 DEBUG 33124 --- [main] com.ctfstar.myblog.MyblogApplication     : Running with Spring Boot v2.7.6, Spring v5.3.24
2022-12-18 19:40:21.422  INFO 33124 --- [main] com.ctfstar.myblog.MyblogApplication     : The following 1 profile is active: "dev"
2022-12-18 19:40:21.816  WARN 33124 --- [main] o.m.s.mapper.ClassPathMapperScanner      : No MyBatis mapper was found in '[com.ctfstar.myblog]' package. Please check your configuration.
2022-12-18 19:40:22.131  INFO 33124 --- [main] o.s.b.w.embedded.tomcat.TomcatWebServer  : Tomcat initialized with port(s): 8080 (http)
2022-12-18 19:40:22.137  INFO 33124 --- [main] o.apache.catalina.core.StandardService   : Starting service [Tomcat]
2022-12-18 19:40:22.138  INFO 33124 --- [main] org.apache.catalina.core.StandardEngine  : Starting Servlet engine: [Apache Tomcat/9.0.69]
2022-12-18 19:40:22.213  INFO 33124 --- [main] o.a.c.c.C.[Tomcat].[localhost].[/]       : Initializing Spring embedded WebApplicationContext
2022-12-18 19:40:22.213  INFO 33124 --- [main] w.s.c.ServletWebServerApplicationContext : Root WebApplicationContext: initialization completed in 763 ms
2022-12-18 19:40:22.427  INFO 33124 --- [main] o.s.b.a.w.s.WelcomePageHandlerMapping    : Adding welcome page template: index
2022-12-18 19:40:22.738  INFO 33124 --- [main] o.s.b.w.embedded.tomcat.TomcatWebServer  : Tomcat started on port(s): 8080 (http) with context path ''
2022-12-18 19:40:22.745  INFO 33124 --- [main] com.ctfstar.myblog.MyblogApplication     : Started MyblogApplication in 1.582 seconds (JVM running for 2.429)
2022-12-18 19:40:26.989  INFO 33124 --- [http-nio-8080-exec-1] o.a.c.c.C.[Tomcat].[localhost].[/]       : Initializing Spring DispatcherServlet 'dispatcherServlet'
2022-12-18 19:40:26.989  INFO 33124 --- [http-nio-8080-exec-1] o.s.web.servlet.DispatcherServlet        : Initializing Servlet 'dispatcherServlet'
2022-12-18 19:40:26.990  INFO 33124 --- [http-nio-8080-exec-1] o.s.web.servlet.DispatcherServlet        : Completed initialization in 1 ms
2022-12-18 19:40:27.005  INFO 33124 --- [http-nio-8080-exec-1] com.ctfstar.myblog.web.aspect.LogAspect  : getRequestboyandgirl,Requestboyandgirl{url='http://127.0.0.1:8080/', ip='127.0.0.1'}
2022-12-18 19:50:00.365  INFO 29232 --- [main] com.ctfstar.myblog.MyblogApplication     : Starting MyblogApplication using Java 1.8.0_66 on DESKTOP-QEP59P2 with PID 29232 (E:\myblog\myblogjava\myblog\target\classes started by Administrator in E:\myblog\myblogjava\myblog)
2022-12-18 19:50:00.367 DEBUG 29232 --- [main] com.ctfstar.myblog.MyblogApplication     : Running with Spring Boot v2.7.6, Spring v5.3.24
2022-12-18 19:50:00.367  INFO 29232 --- [main] com.ctfstar.myblog.MyblogApplication     : The following 1 profile is active: "dev"
2022-12-18 19:50:00.770  WARN 29232 --- [main] o.m.s.mapper.ClassPathMapperScanner      : No MyBatis mapper was found in '[com.ctfstar.myblog]' package. Please check your configuration.
2022-12-18 19:50:01.095  INFO 29232 --- [main] o.s.b.w.embedded.tomcat.TomcatWebServer  : Tomcat initialized with port(s): 8080 (http)
2022-12-18 19:50:01.100  INFO 29232 --- [main] o.apache.catalina.core.StandardService   : Starting service [Tomcat]
2022-12-18 19:50:01.101  INFO 29232 --- [main] org.apache.catalina.core.StandardEngine  : Starting Servlet engine: [Apache Tomcat/9.0.69]
2022-12-18 19:50:01.177  INFO 29232 --- [main] o.a.c.c.C.[Tomcat].[localhost].[/]       : Initializing Spring embedded WebApplicationContext
2022-12-18 19:50:01.177  INFO 29232 --- [main] w.s.c.ServletWebServerApplicationContext : Root WebApplicationContext: initialization completed in 782 ms
2022-12-18 19:50:01.403  INFO 29232 --- [main] o.s.b.a.w.s.WelcomePageHandlerMapping    : Adding welcome page template: index
2022-12-18 19:50:01.760  INFO 29232 --- [main] o.s.b.w.embedded.tomcat.TomcatWebServer  : Tomcat started on port(s): 8080 (http) with context path ''
2022-12-18 19:50:01.767  INFO 29232 --- [main] com.ctfstar.myblog.MyblogApplication     : Started MyblogApplication in 1.676 seconds (JVM running for 2.504)
2022-12-18 19:50:04.554  INFO 29232 --- [http-nio-8080-exec-2] o.a.c.c.C.[Tomcat].[localhost].[/]       : Initializing Spring DispatcherServlet 'dispatcherServlet'
2022-12-18 19:50:04.554  INFO 29232 --- [http-nio-8080-exec-2] o.s.web.servlet.DispatcherServlet        : Initializing Servlet 'dispatcherServlet'
2022-12-18 19:50:04.555  INFO 29232 --- [http-nio-8080-exec-2] o.s.web.servlet.DispatcherServlet        : Completed initialization in 1 ms
2022-12-18 19:50:04.570  INFO 29232 --- [http-nio-8080-exec-2] com.ctfstar.myblog.web.aspect.LogAspect  : getRequestboyandgirl,Requestboyandgirl{url='http://127.0.0.1:8080/', ip='127.0.0.1'}
2022-12-18 21:30:15.720  INFO 33680 --- [main] com.ctfstar.myblog.MyblogApplication     : Starting MyblogApplication using Java 1.8.0_66 on DESKTOP-QEP59P2 with PID 33680 (E:\myblog\myblogjava\myblog\target\classes started by Administrator in E:\myblog\myblogjava\myblog)
2022-12-18 21:30:15.722 DEBUG 33680 --- [main] com.ctfstar.myblog.MyblogApplication     : Running with Spring Boot v2.7.6, Spring v5.3.24
2022-12-18 21:30:15.722  INFO 33680 --- [main] com.ctfstar.myblog.MyblogApplication     : The following 1 profile is active: "dev"
2022-12-18 21:30:16.165  INFO 33680 --- [main] .s.d.r.c.RepositoryConfigurationDelegate : Bootstrapping Spring Data JPA repositories in DEFAULT mode.
2022-12-18 21:30:16.177  INFO 33680 --- [main] .s.d.r.c.RepositoryConfigurationDelegate : Finished Spring Data repository scanning in 4 ms. Found 0 JPA repository interfaces.
2022-12-18 21:30:16.242  WARN 33680 --- [main] o.m.s.mapper.ClassPathMapperScanner      : No MyBatis mapper was found in '[com.ctfstar.myblog]' package. Please check your configuration.
2022-12-18 21:30:16.629  INFO 33680 --- [main] o.s.b.w.embedded.tomcat.TomcatWebServer  : Tomcat initialized with port(s): 8080 (http)
2022-12-18 21:30:16.635  INFO 33680 --- [main] o.apache.catalina.core.StandardService   : Starting service [Tomcat]
2022-12-18 21:30:16.635  INFO 33680 --- [main] org.apache.catalina.core.StandardEngine  : Starting Servlet engine: [Apache Tomcat/9.0.69]
2022-12-18 21:30:16.721  INFO 33680 --- [main] o.a.c.c.C.[Tomcat].[localhost].[/]       : Initializing Spring embedded WebApplicationContext
2022-12-18 21:30:16.721  INFO 33680 --- [main] w.s.c.ServletWebServerApplicationContext : Root WebApplicationContext: initialization completed in 970 ms
2022-12-18 21:30:16.845  INFO 33680 --- [main] o.hibernate.jpa.internal.util.LogHelper  : HHH000204: Processing PersistenceUnitInfo [name: default]
2022-12-18 21:30:16.875  INFO 33680 --- [main] org.hibernate.Version                    : HHH000412: Hibernate ORM core version 5.6.14.Final
2022-12-18 21:30:17.004  INFO 33680 --- [main] o.hibernate.annotations.common.Version   : HCANN000001: Hibernate Commons Annotations {5.1.2.Final}
2022-12-18 21:30:17.067  INFO 33680 --- [main] com.zaxxer.hikari.HikariDataSource       : HikariPool-1 - Starting...
2022-12-18 21:30:17.068  WARN 33680 --- [main] com.zaxxer.hikari.util.DriverDataSource  : Registered driver with driverClassName=com.mysql.jdbc.Driver was not found, trying direct instantiation.
2022-12-18 21:30:17.155  INFO 33680 --- [main] com.zaxxer.hikari.HikariDataSource       : HikariPool-1 - Start completed.
2022-12-18 21:30:17.163  INFO 33680 --- [main] org.hibernate.dialect.Dialect            : HHH000400: Using dialect: org.hibernate.dialect.MySQL5Dialect
2022-12-18 21:30:17.740  INFO 33680 --- [main] o.h.e.t.j.p.i.JtaPlatformInitiator       : HHH000490: Using JtaPlatform implementation: [org.hibernate.engine.transaction.jta.platform.internal.NoJtaPlatform]
2022-12-18 21:30:17.746  INFO 33680 --- [main] j.LocalContainerEntityManagerFactoryBean : Initialized JPA EntityManagerFactory for persistence unit 'default'
2022-12-18 21:30:17.802  WARN 33680 --- [main] JpaBaseConfiguration$JpaWebConfiguration : spring.jpa.open-in-view is enabled by default. Therefore, database queries may be performed during view rendering. Explicitly configure spring.jpa.open-in-view to disable this warning
2022-12-18 21:30:18.018  INFO 33680 --- [main] o.s.b.a.w.s.WelcomePageHandlerMapping    : Adding welcome page template: index
2022-12-18 21:30:18.290  INFO 33680 --- [main] o.s.b.w.embedded.tomcat.TomcatWebServer  : Tomcat started on port(s): 8080 (http) with context path ''
2022-12-18 21:30:18.298  INFO 33680 --- [main] com.ctfstar.myblog.MyblogApplication     : Started MyblogApplication in 2.838 seconds (JVM running for 3.669)
2022-12-18 21:40:40.789  INFO 33680 --- [SpringApplicationShutdownHook] j.LocalContainerEntityManagerFactoryBean : Closing JPA EntityManagerFactory for persistence unit 'default'
2022-12-18 21:40:40.790  INFO 33680 --- [SpringApplicationShutdownHook] com.zaxxer.hikari.HikariDataSource       : HikariPool-1 - Shutdown initiated...
2022-12-18 21:40:40.796  INFO 33680 --- [SpringApplicationShutdownHook] com.zaxxer.hikari.HikariDataSource       : HikariPool-1 - Shutdown completed.
